<?xml version="1.0" encoding="UTF-8"?>
<coverage generated="1589106365109" clover="3.2.0">
  <project timestamp="1589106365109" name="All files">
    <metrics statements="52" coveredstatements="49" conditionals="49" coveredconditionals="44" methods="6" coveredmethods="6" elements="107" coveredelements="99" complexity="0" loc="52" ncloc="52" packages="1" files="6" classes="6">
      <file name="Demo.js" path="C:\Users\rockh\testing\Demo.js">
        <metrics statements="7" coveredstatements="7" conditionals="7" coveredconditionals="7" methods="1" coveredmethods="1"/>
        <line num="2" count="4" type="cond" truecount="4" falsecount="0"/>
        <line num="3" count="1" type="stmt"/>
        <line num="6" count="3" type="stmt"/>
        <line num="8" count="3" type="cond" truecount="2" falsecount="0"/>
        <line num="10" count="1" type="stmt"/>
        <line num="13" count="2" type="stmt"/>
        <line num="16" count="1" type="stmt"/>
      </file>
      <file name="bussi.js" path="C:\Users\rockh\testing\bussi.js">
        <metrics statements="13" coveredstatements="13" conditionals="16" coveredconditionals="15" methods="1" coveredmethods="1"/>
        <line num="3" count="5" type="stmt"/>
        <line num="4" count="5" type="stmt"/>
        <line num="6" count="5" type="cond" truecount="4" falsecount="0"/>
        <line num="7" count="1" type="stmt"/>
        <line num="10" count="4" type="cond" truecount="2" falsecount="0"/>
        <line num="11" count="1" type="stmt"/>
        <line num="14" count="3" type="cond" truecount="4" falsecount="0"/>
        <line num="15" count="1" type="stmt"/>
        <line num="18" count="2" type="cond" truecount="4" falsecount="0"/>
        <line num="19" count="1" type="stmt"/>
        <line num="22" count="1" type="cond" truecount="1" falsecount="1"/>
        <line num="23" count="1" type="stmt"/>
        <line num="27" count="1" type="stmt"/>
      </file>
      <file name="ika.js" path="C:\Users\rockh\testing\ika.js">
        <metrics statements="11" coveredstatements="10" conditionals="10" coveredconditionals="8" methods="1" coveredmethods="1"/>
        <line num="3" count="4" type="cond" truecount="3" falsecount="1"/>
        <line num="4" count="0" type="stmt"/>
        <line num="7" count="4" type="stmt"/>
        <line num="8" count="4" type="stmt"/>
        <line num="10" count="4" type="cond" truecount="2" falsecount="0"/>
        <line num="11" count="1" type="stmt"/>
        <line num="14" count="3" type="cond" truecount="2" falsecount="0"/>
        <line num="15" count="2" type="stmt"/>
        <line num="18" count="1" type="cond" truecount="1" falsecount="1"/>
        <line num="19" count="1" type="stmt"/>
        <line num="23" count="1" type="stmt"/>
      </file>
      <file name="kpa.js" path="C:\Users\rockh\testing\kpa.js">
        <metrics statements="12" coveredstatements="10" conditionals="12" coveredconditionals="10" methods="1" coveredmethods="1"/>
        <line num="3" count="3" type="cond" truecount="4" falsecount="0"/>
        <line num="4" count="1" type="stmt"/>
        <line num="7" count="2" type="cond" truecount="3" falsecount="1"/>
        <line num="8" count="0" type="stmt"/>
        <line num="11" count="2" type="cond" truecount="2" falsecount="0"/>
        <line num="12" count="1" type="stmt"/>
        <line num="15" count="1" type="stmt"/>
        <line num="16" count="1" type="stmt"/>
        <line num="18" count="1" type="cond" truecount="1" falsecount="1"/>
        <line num="19" count="1" type="stmt"/>
        <line num="22" count="0" type="stmt"/>
        <line num="26" count="1" type="stmt"/>
      </file>
      <file name="osamaara.js" path="C:\Users\rockh\testing\osamaara.js">
        <metrics statements="7" coveredstatements="7" conditionals="4" coveredconditionals="4" methods="1" coveredmethods="1"/>
        <line num="3" count="3" type="cond" truecount="2" falsecount="0"/>
        <line num="4" count="1" type="stmt"/>
        <line num="7" count="2" type="stmt"/>
        <line num="9" count="2" type="cond" truecount="2" falsecount="0"/>
        <line num="10" count="1" type="stmt"/>
        <line num="13" count="1" type="stmt"/>
        <line num="16" count="1" type="stmt"/>
      </file>
      <file name="sum.js" path="C:\Users\rockh\testing\sum.js">
        <metrics statements="2" coveredstatements="2" conditionals="0" coveredconditionals="0" methods="1" coveredmethods="1"/>
        <line num="2" count="1" type="stmt"/>
        <line num="4" count="1" type="stmt"/>
      </file>
    </metrics>
  </project>
</coverage>
