{"C:\\Users\\rockh\\testing\\github\\bussi.js": {"path":"C:\\Users\\rockh\\testing\\github\\bussi.js","statementMap":{"0":{"start":{"line":3,"column":19},"end":{"line":3,"column":28}},"1":{"start":{"line":4,"column":4},"end":{"line":4,"column":24}},"2":{"start":{"line":6,"column":4},"end":{"line":8,"column":5}},"3":{"start":{"line":7,"column":8},"end":{"line":7,"column":24}},"4":{"start":{"line":10,"column":4},"end":{"line":12,"column":5}},"5":{"start":{"line":11,"column":8},"end":{"line":11,"column":28}},"6":{"start":{"line":14,"column":4},"end":{"line":16,"column":5}},"7":{"start":{"line":15,"column":2},"end":{"line":15,"column":16}},"8":{"start":{"line":18,"column":4},"end":{"line":20,"column":5}},"9":{"start":{"line":19,"column":8},"end":{"line":19,"column":22}},"10":{"start":{"line":22,"column":4},"end":{"line":24,"column":5}},"11":{"start":{"line":23,"column":8},"end":{"line":23,"column":24}},"12":{"start":{"line":27,"column":0},"end":{"line":27,"column":23}}},"fnMap":{"0":{"name":"lippu","decl":{"start":{"line":1,"column":9},"end":{"line":1,"column":14}},"loc":{"start":{"line":1,"column":18},"end":{"line":26,"column":1}},"line":1}},"branchMap":{"0":{"loc":{"start":{"line":6,"column":4},"end":{"line":8,"column":5}},"type":"if","locations":[{"start":{"line":6,"column":4},"end":{"line":8,"column":5}},{"start":{"line":6,"column":4},"end":{"line":8,"column":5}}],"line":6},"1":{"loc":{"start":{"line":6,"column":7},"end":{"line":6,"column":35}},"type":"binary-expr","locations":[{"start":{"line":6,"column":7},"end":{"line":6,"column":19}},{"start":{"line":6,"column":23},"end":{"line":6,"column":35}}],"line":6},"2":{"loc":{"start":{"line":10,"column":4},"end":{"line":12,"column":5}},"type":"if","locations":[{"start":{"line":10,"column":4},"end":{"line":12,"column":5}},{"start":{"line":10,"column":4},"end":{"line":12,"column":5}}],"line":10},"3":{"loc":{"start":{"line":14,"column":4},"end":{"line":16,"column":5}},"type":"if","locations":[{"start":{"line":14,"column":4},"end":{"line":16,"column":5}},{"start":{"line":14,"column":4},"end":{"line":16,"column":5}}],"line":14},"4":{"loc":{"start":{"line":14,"column":7},"end":{"line":14,"column":34}},"type":"binary-expr","locations":[{"start":{"line":14,"column":7},"end":{"line":14,"column":18}},{"start":{"line":14,"column":22},"end":{"line":14,"column":34}}],"line":14},"5":{"loc":{"start":{"line":18,"column":4},"end":{"line":20,"column":5}},"type":"if","locations":[{"start":{"line":18,"column":4},"end":{"line":20,"column":5}},{"start":{"line":18,"column":4},"end":{"line":20,"column":5}}],"line":18},"6":{"loc":{"start":{"line":18,"column":7},"end":{"line":18,"column":35}},"type":"binary-expr","locations":[{"start":{"line":18,"column":7},"end":{"line":18,"column":19}},{"start":{"line":18,"column":23},"end":{"line":18,"column":35}}],"line":18},"7":{"loc":{"start":{"line":22,"column":4},"end":{"line":24,"column":5}},"type":"if","locations":[{"start":{"line":22,"column":4},"end":{"line":24,"column":5}},{"start":{"line":22,"column":4},"end":{"line":24,"column":5}}],"line":22}},"s":{"0":5,"1":5,"2":5,"3":1,"4":4,"5":1,"6":3,"7":1,"8":2,"9":1,"10":1,"11":1,"12":1},"f":{"0":5},"b":{"0":[1,4],"1":[5,3],"2":[1,3],"3":[1,2],"4":[3,3],"5":[1,1],"6":[2,2],"7":[1,0]},"_coverageSchema":"332fd63041d2c1bcb487cc26dd0d5f7d97098a6c","hash":"f52436bbad46f36757112fa7b7bde1cc97127221"}
,"C:\\Users\\rockh\\testing\\github\\demo1.js": {"path":"C:\\Users\\rockh\\testing\\github\\demo1.js","statementMap":{"0":{"start":{"line":2,"column":1},"end":{"line":4,"column":5}},"1":{"start":{"line":3,"column":4},"end":{"line":3,"column":37}},"2":{"start":{"line":5,"column":19},"end":{"line":5,"column":42}},"3":{"start":{"line":7,"column":1},"end":{"line":9,"column":5}},"4":{"start":{"line":8,"column":4},"end":{"line":8,"column":33}},"5":{"start":{"line":10,"column":4},"end":{"line":10,"column":18}},"6":{"start":{"line":14,"column":0},"end":{"line":14,"column":21}}},"fnMap":{"0":{"name":"sum","decl":{"start":{"line":1,"column":9},"end":{"line":1,"column":12}},"loc":{"start":{"line":1,"column":22},"end":{"line":13,"column":1}},"line":1}},"branchMap":{"0":{"loc":{"start":{"line":1,"column":17},"end":{"line":1,"column":20}},"type":"default-arg","locations":[{"start":{"line":1,"column":19},"end":{"line":1,"column":20}}],"line":1},"1":{"loc":{"start":{"line":2,"column":1},"end":{"line":4,"column":5}},"type":"if","locations":[{"start":{"line":2,"column":1},"end":{"line":4,"column":5}},{"start":{"line":2,"column":1},"end":{"line":4,"column":5}}],"line":2},"2":{"loc":{"start":{"line":2,"column":5},"end":{"line":2,"column":34}},"type":"binary-expr","locations":[{"start":{"line":2,"column":5},"end":{"line":2,"column":20}},{"start":{"line":2,"column":24},"end":{"line":2,"column":34}}],"line":2},"3":{"loc":{"start":{"line":7,"column":1},"end":{"line":9,"column":5}},"type":"if","locations":[{"start":{"line":7,"column":1},"end":{"line":9,"column":5}},{"start":{"line":7,"column":1},"end":{"line":9,"column":5}}],"line":7}},"s":{"0":4,"1":1,"2":3,"3":3,"4":1,"5":2,"6":4},"f":{"0":4},"b":{"0":[2],"1":[1,3],"2":[4,3],"3":[1,2]},"_coverageSchema":"332fd63041d2c1bcb487cc26dd0d5f7d97098a6c","hash":"013425e122873c77ee7ba265a785a1325c8ccd03"}
,"C:\\Users\\rockh\\testing\\github\\ika.js": {"path":"C:\\Users\\rockh\\testing\\github\\ika.js","statementMap":{"0":{"start":{"line":3,"column":4},"end":{"line":5,"column":5}},"1":{"start":{"line":4,"column":8},"end":{"line":4,"column":42}},"2":{"start":{"line":7,"column":19},"end":{"line":7,"column":28}},"3":{"start":{"line":8,"column":4},"end":{"line":8,"column":24}},"4":{"start":{"line":10,"column":4},"end":{"line":12,"column":5}},"5":{"start":{"line":11,"column":2},"end":{"line":11,"column":31}},"6":{"start":{"line":14,"column":4},"end":{"line":16,"column":5}},"7":{"start":{"line":15,"column":8},"end":{"line":15,"column":20}},"8":{"start":{"line":18,"column":4},"end":{"line":20,"column":5}},"9":{"start":{"line":19,"column":8},"end":{"line":19,"column":21}},"10":{"start":{"line":23,"column":0},"end":{"line":23,"column":21}}},"fnMap":{"0":{"name":"ika","decl":{"start":{"line":1,"column":9},"end":{"line":1,"column":12}},"loc":{"start":{"line":1,"column":16},"end":{"line":22,"column":1}},"line":1}},"branchMap":{"0":{"loc":{"start":{"line":3,"column":4},"end":{"line":5,"column":5}},"type":"if","locations":[{"start":{"line":3,"column":4},"end":{"line":5,"column":5}},{"start":{"line":3,"column":4},"end":{"line":5,"column":5}}],"line":3},"1":{"loc":{"start":{"line":3,"column":8},"end":{"line":3,"column":37}},"type":"binary-expr","locations":[{"start":{"line":3,"column":8},"end":{"line":3,"column":23}},{"start":{"line":3,"column":27},"end":{"line":3,"column":37}}],"line":3},"2":{"loc":{"start":{"line":10,"column":4},"end":{"line":12,"column":5}},"type":"if","locations":[{"start":{"line":10,"column":4},"end":{"line":12,"column":5}},{"start":{"line":10,"column":4},"end":{"line":12,"column":5}}],"line":10},"3":{"loc":{"start":{"line":14,"column":4},"end":{"line":16,"column":5}},"type":"if","locations":[{"start":{"line":14,"column":4},"end":{"line":16,"column":5}},{"start":{"line":14,"column":4},"end":{"line":16,"column":5}}],"line":14},"4":{"loc":{"start":{"line":18,"column":4},"end":{"line":20,"column":5}},"type":"if","locations":[{"start":{"line":18,"column":4},"end":{"line":20,"column":5}},{"start":{"line":18,"column":4},"end":{"line":20,"column":5}}],"line":18}},"s":{"0":4,"1":0,"2":4,"3":4,"4":4,"5":1,"6":3,"7":2,"8":1,"9":1,"10":1},"f":{"0":4},"b":{"0":[0,4],"1":[4,4],"2":[1,3],"3":[2,1],"4":[1,0]},"_coverageSchema":"332fd63041d2c1bcb487cc26dd0d5f7d97098a6c","hash":"8d80d1c2f5bc65ac367c2ffe2e8bf1749e660819"}
,"C:\\Users\\rockh\\testing\\github\\kpa.js": {"path":"C:\\Users\\rockh\\testing\\github\\kpa.js","statementMap":{"0":{"start":{"line":3,"column":4},"end":{"line":5,"column":5}},"1":{"start":{"line":4,"column":8},"end":{"line":4,"column":37}},"2":{"start":{"line":7,"column":4},"end":{"line":9,"column":5}},"3":{"start":{"line":8,"column":8},"end":{"line":8,"column":37}},"4":{"start":{"line":11,"column":4},"end":{"line":13,"column":5}},"5":{"start":{"line":12,"column":8},"end":{"line":12,"column":37}},"6":{"start":{"line":15,"column":19},"end":{"line":15,"column":36}},"7":{"start":{"line":16,"column":4},"end":{"line":16,"column":24}},"8":{"start":{"line":18,"column":4},"end":{"line":20,"column":5}},"9":{"start":{"line":19,"column":2},"end":{"line":19,"column":16}},"10":{"start":{"line":22,"column":0},"end":{"line":22,"column":16}},"11":{"start":{"line":26,"column":0},"end":{"line":26,"column":24}}},"fnMap":{"0":{"name":"kolmio","decl":{"start":{"line":1,"column":9},"end":{"line":1,"column":15}},"loc":{"start":{"line":1,"column":21},"end":{"line":23,"column":1}},"line":1}},"branchMap":{"0":{"loc":{"start":{"line":3,"column":4},"end":{"line":5,"column":5}},"type":"if","locations":[{"start":{"line":3,"column":4},"end":{"line":5,"column":5}},{"start":{"line":3,"column":4},"end":{"line":5,"column":5}}],"line":3},"1":{"loc":{"start":{"line":3,"column":8},"end":{"line":3,"column":37}},"type":"binary-expr","locations":[{"start":{"line":3,"column":8},"end":{"line":3,"column":23}},{"start":{"line":3,"column":27},"end":{"line":3,"column":37}}],"line":3},"2":{"loc":{"start":{"line":7,"column":4},"end":{"line":9,"column":5}},"type":"if","locations":[{"start":{"line":7,"column":4},"end":{"line":9,"column":5}},{"start":{"line":7,"column":4},"end":{"line":9,"column":5}}],"line":7},"3":{"loc":{"start":{"line":7,"column":8},"end":{"line":7,"column":37}},"type":"binary-expr","locations":[{"start":{"line":7,"column":8},"end":{"line":7,"column":23}},{"start":{"line":7,"column":27},"end":{"line":7,"column":37}}],"line":7},"4":{"loc":{"start":{"line":11,"column":4},"end":{"line":13,"column":5}},"type":"if","locations":[{"start":{"line":11,"column":4},"end":{"line":13,"column":5}},{"start":{"line":11,"column":4},"end":{"line":13,"column":5}}],"line":11},"5":{"loc":{"start":{"line":18,"column":4},"end":{"line":20,"column":5}},"type":"if","locations":[{"start":{"line":18,"column":4},"end":{"line":20,"column":5}},{"start":{"line":18,"column":4},"end":{"line":20,"column":5}}],"line":18}},"s":{"0":3,"1":1,"2":2,"3":0,"4":2,"5":1,"6":1,"7":1,"8":1,"9":1,"10":0,"11":1},"f":{"0":3},"b":{"0":[1,2],"1":[3,3],"2":[0,2],"3":[2,2],"4":[1,1],"5":[1,0]},"_coverageSchema":"332fd63041d2c1bcb487cc26dd0d5f7d97098a6c","hash":"fc8c8ca2bc3deec70bf206a7e890b705b9eb6976"}
,"C:\\Users\\rockh\\testing\\github\\osamaara.js": {"path":"C:\\Users\\rockh\\testing\\github\\osamaara.js","statementMap":{"0":{"start":{"line":3,"column":4},"end":{"line":5,"column":5}},"1":{"start":{"line":4,"column":2},"end":{"line":4,"column":44}},"2":{"start":{"line":7,"column":19},"end":{"line":7,"column":28}},"3":{"start":{"line":9,"column":4},"end":{"line":11,"column":5}},"4":{"start":{"line":10,"column":8},"end":{"line":10,"column":37}},"5":{"start":{"line":13,"column":4},"end":{"line":13,"column":17}},"6":{"start":{"line":16,"column":0},"end":{"line":16,"column":23}}},"fnMap":{"0":{"name":"maara","decl":{"start":{"line":1,"column":9},"end":{"line":1,"column":14}},"loc":{"start":{"line":1,"column":21},"end":{"line":14,"column":1}},"line":1}},"branchMap":{"0":{"loc":{"start":{"line":3,"column":4},"end":{"line":5,"column":5}},"type":"if","locations":[{"start":{"line":3,"column":4},"end":{"line":5,"column":5}},{"start":{"line":3,"column":4},"end":{"line":5,"column":5}}],"line":3},"1":{"loc":{"start":{"line":9,"column":4},"end":{"line":11,"column":5}},"type":"if","locations":[{"start":{"line":9,"column":4},"end":{"line":11,"column":5}},{"start":{"line":9,"column":4},"end":{"line":11,"column":5}}],"line":9}},"s":{"0":3,"1":1,"2":2,"3":2,"4":1,"5":1,"6":1},"f":{"0":3},"b":{"0":[1,2],"1":[1,1]},"_coverageSchema":"332fd63041d2c1bcb487cc26dd0d5f7d97098a6c","hash":"a3c1e09916a78418fbbe59a286ac90716ee01448"}
}
