TN:
SF:C:\Users\rockh\testing\github\bussi.js
FN:1,lippu
FNF:1
FNH:1
FNDA:5,lippu
DA:3,5
DA:4,5
DA:6,5
DA:7,1
DA:10,4
DA:11,1
DA:14,3
DA:15,1
DA:18,2
DA:19,1
DA:22,1
DA:23,1
DA:27,1
LF:13
LH:13
BRDA:6,0,0,1
BRDA:6,0,1,4
BRDA:6,1,0,5
BRDA:6,1,1,3
BRDA:10,2,0,1
BRDA:10,2,1,3
BRDA:14,3,0,1
BRDA:14,3,1,2
BRDA:14,4,0,3
BRDA:14,4,1,3
BRDA:18,5,0,1
BRDA:18,5,1,1
BRDA:18,6,0,2
BRDA:18,6,1,2
BRDA:22,7,0,1
BRDA:22,7,1,0
BRF:16
BRH:15
end_of_record
TN:
SF:C:\Users\rockh\testing\github\demo1.js
FN:1,sum
FNF:1
FNH:1
FNDA:4,sum
DA:2,4
DA:3,1
DA:5,3
DA:7,3
DA:8,1
DA:10,2
DA:14,4
LF:7
LH:7
BRDA:1,0,0,2
BRDA:2,1,0,1
BRDA:2,1,1,3
BRDA:2,2,0,4
BRDA:2,2,1,3
BRDA:7,3,0,1
BRDA:7,3,1,2
BRF:7
BRH:7
end_of_record
TN:
SF:C:\Users\rockh\testing\github\ika.js
FN:1,ika
FNF:1
FNH:1
FNDA:4,ika
DA:3,4
DA:4,0
DA:7,4
DA:8,4
DA:10,4
DA:11,1
DA:14,3
DA:15,2
DA:18,1
DA:19,1
DA:23,1
LF:11
LH:10
BRDA:3,0,0,0
BRDA:3,0,1,4
BRDA:3,1,0,4
BRDA:3,1,1,4
BRDA:10,2,0,1
BRDA:10,2,1,3
BRDA:14,3,0,2
BRDA:14,3,1,1
BRDA:18,4,0,1
BRDA:18,4,1,0
BRF:10
BRH:8
end_of_record
TN:
SF:C:\Users\rockh\testing\github\kpa.js
FN:1,kolmio
FNF:1
FNH:1
FNDA:3,kolmio
DA:3,3
DA:4,1
DA:7,2
DA:8,0
DA:11,2
DA:12,1
DA:15,1
DA:16,1
DA:18,1
DA:19,1
DA:22,0
DA:26,1
LF:12
LH:10
BRDA:3,0,0,1
BRDA:3,0,1,2
BRDA:3,1,0,3
BRDA:3,1,1,3
BRDA:7,2,0,0
BRDA:7,2,1,2
BRDA:7,3,0,2
BRDA:7,3,1,2
BRDA:11,4,0,1
BRDA:11,4,1,1
BRDA:18,5,0,1
BRDA:18,5,1,0
BRF:12
BRH:10
end_of_record
TN:
SF:C:\Users\rockh\testing\github\osamaara.js
FN:1,maara
FNF:1
FNH:1
FNDA:3,maara
DA:3,3
DA:4,1
DA:7,2
DA:9,2
DA:10,1
DA:13,1
DA:16,1
LF:7
LH:7
BRDA:3,0,0,1
BRDA:3,0,1,2
BRDA:9,1,0,1
BRDA:9,1,1,1
BRF:4
BRH:4
end_of_record
